<?xml version="1.0" encoding="UTF-8"?>
<testng-results skipped="0" failed="0" total="2" passed="2">
  <reporter-output>
  </reporter-output>
  <suite name="Default suite" duration-ms="26428" started-at="2020-03-30T13:51:15Z" finished-at="2020-03-30T13:51:41Z">
    <groups>
    </groups>
    <test name="Default test" duration-ms="26428" started-at="2020-03-30T13:51:15Z" finished-at="2020-03-30T13:51:41Z">
      <class name="Selenium.TC_2">
        <test-method status="PASS" signature="Testcase1()[pri:0, instance:Selenium.TC_2@6e3c1e69]" name="Testcase1" duration-ms="14161" started-at="2020-03-30T19:21:15Z" finished-at="2020-03-30T19:21:29Z">
          <reporter-output>
          </reporter-output>
        </test-method> <!-- Testcase1 -->
      </class> <!-- Selenium.TC_2 -->
      <class name="Selenium.TC_001">
        <test-method status="PASS" signature="Testcase1()[pri:0, instance:Selenium.TC_001@649d209a]" name="Testcase1" duration-ms="12251" started-at="2020-03-30T19:21:29Z" finished-at="2020-03-30T19:21:41Z">
          <reporter-output>
          </reporter-output>
        </test-method> <!-- Testcase1 -->
      </class> <!-- Selenium.TC_001 -->
    </test> <!-- Default test -->
  </suite> <!-- Default suite -->
</testng-results>
